ERROR - 2025-06-20 17:38:58 --> mysqli_sql_exception: Cannot delete or update a parent row: a foreign key constraint fails (`students_management_databases`.`students`, CONSTRAINT `fk_students_course_id` FOREIGN KEY (`courses_id`) REFERENCES `courses` (`course_id`)) in C:\xampp\htdocs\STUDENTMANAGEMENTSYSTEMTA3\system\Database\MySQLi\Connection.php:327
Stack trace:
#0 C:\xampp\htdocs\STUDENTMANAGEMENTSYSTEMTA3\system\Database\MySQLi\Connection.php(327): mysqli->query('DELETE FROM `co...', 0)
#1 C:\xampp\htdocs\STUDENTMANAGEMENTSYSTEMTA3\system\Database\BaseConnection.php(738): CodeIgniter\Database\MySQLi\Connection->execute('DELETE FROM `co...')
#2 C:\xampp\htdocs\STUDENTMANAGEMENTSYSTEMTA3\system\Database\BaseConnection.php(652): CodeIgniter\Database\BaseConnection->simpleQuery('DELETE FROM `co...')
#3 C:\xampp\htdocs\STUDENTMANAGEMENTSYSTEMTA3\system\Database\BaseBuilder.php(2848): CodeIgniter\Database\BaseConnection->query('DELETE FROM `co...', Array, false)
#4 C:\xampp\htdocs\STUDENTMANAGEMENTSYSTEMTA3\system\Model.php(521): CodeIgniter\Database\BaseBuilder->delete()
#5 C:\xampp\htdocs\STUDENTMANAGEMENTSYSTEMTA3\system\BaseModel.php(1157): CodeIgniter\Model->doDelete(Array, false)
#6 C:\xampp\htdocs\STUDENTMANAGEMENTSYSTEMTA3\app\Controllers\Courses.php(116): CodeIgniter\BaseModel->delete(Array)
#7 C:\xampp\htdocs\STUDENTMANAGEMENTSYSTEMTA3\system\CodeIgniter.php(933): App\Controllers\Courses->delete('3')
#8 C:\xampp\htdocs\STUDENTMANAGEMENTSYSTEMTA3\system\CodeIgniter.php(507): CodeIgniter\CodeIgniter->runController(Object(App\Controllers\Courses))
#9 C:\xampp\htdocs\STUDENTMANAGEMENTSYSTEMTA3\system\CodeIgniter.php(354): CodeIgniter\CodeIgniter->handleRequest(NULL, Object(Config\Cache), false)
#10 C:\xampp\htdocs\STUDENTMANAGEMENTSYSTEMTA3\system\Boot.php(334): CodeIgniter\CodeIgniter->run()
#11 C:\xampp\htdocs\STUDENTMANAGEMENTSYSTEMTA3\system\Boot.php(67): CodeIgniter\Boot::runCodeIgniter(Object(CodeIgniter\CodeIgniter))
#12 C:\xampp\htdocs\STUDENTMANAGEMENTSYSTEMTA3\public\index.php(56): CodeIgniter\Boot::bootWeb(Object(Config\Paths))
#13 C:\xampp\htdocs\STUDENTMANAGEMENTSYSTEMTA3\system\rewrite.php(44): require_once('C:\\xampp\\htdocs...')
#14 {main}
CRITICAL - 2025-06-20 17:38:58 --> CodeIgniter\Database\Exceptions\DatabaseException: Cannot delete or update a parent row: a foreign key constraint fails (`students_management_databases`.`students`, CONSTRAINT `fk_students_course_id` FOREIGN KEY (`courses_id`) REFERENCES `courses` (`course_id`))
[Method: GET, Route: courses/delete/3]
in SYSTEMPATH\Database\BaseConnection.php on line 692.
 1 SYSTEMPATH\Database\BaseBuilder.php(2848): CodeIgniter\Database\BaseConnection->query('DELETE FROM `courses`
WHERE `course_id` IN :course_id:', [...], false)
 2 SYSTEMPATH\Model.php(521): CodeIgniter\Database\BaseBuilder->delete()
 3 SYSTEMPATH\BaseModel.php(1157): CodeIgniter\Model->doDelete([...], false)
 4 APPPATH\Controllers\Courses.php(116): CodeIgniter\BaseModel->delete([...])
 5 SYSTEMPATH\CodeIgniter.php(933): App\Controllers\Courses->delete('3')
 6 SYSTEMPATH\CodeIgniter.php(507): CodeIgniter\CodeIgniter->runController(Object(App\Controllers\Courses))
 7 SYSTEMPATH\CodeIgniter.php(354): CodeIgniter\CodeIgniter->handleRequest(null, Object(Config\Cache), false)
 8 SYSTEMPATH\Boot.php(334): CodeIgniter\CodeIgniter->run()
 9 SYSTEMPATH\Boot.php(67): CodeIgniter\Boot::runCodeIgniter(Object(CodeIgniter\CodeIgniter))
10 FCPATH\index.php(56): CodeIgniter\Boot::bootWeb(Object(Config\Paths))
11 SYSTEMPATH\rewrite.php(44): require_once('C:\\xampp\\htdocs\\STUDENTMANAGEMENTSYSTEMTA3\\public\\index.php')
CRITICAL - 2025-06-20 17:38:58 --> [Caused by] CodeIgniter\Database\Exceptions\DatabaseException: Cannot delete or update a parent row: a foreign key constraint fails (`students_management_databases`.`students`, CONSTRAINT `fk_students_course_id` FOREIGN KEY (`courses_id`) REFERENCES `courses` (`course_id`))
in SYSTEMPATH\Database\MySQLi\Connection.php on line 332.
 1 SYSTEMPATH\Database\BaseConnection.php(738): CodeIgniter\Database\MySQLi\Connection->execute('DELETE FROM `courses`
WHERE `course_id` IN (\'3\')')
 2 SYSTEMPATH\Database\BaseConnection.php(652): CodeIgniter\Database\BaseConnection->simpleQuery('DELETE FROM `courses`
WHERE `course_id` IN (\'3\')')
 3 SYSTEMPATH\Database\BaseBuilder.php(2848): CodeIgniter\Database\BaseConnection->query('DELETE FROM `courses`
WHERE `course_id` IN :course_id:', [...], false)
 4 SYSTEMPATH\Model.php(521): CodeIgniter\Database\BaseBuilder->delete()
 5 SYSTEMPATH\BaseModel.php(1157): CodeIgniter\Model->doDelete([...], false)
 6 APPPATH\Controllers\Courses.php(116): CodeIgniter\BaseModel->delete([...])
 7 SYSTEMPATH\CodeIgniter.php(933): App\Controllers\Courses->delete('3')
 8 SYSTEMPATH\CodeIgniter.php(507): CodeIgniter\CodeIgniter->runController(Object(App\Controllers\Courses))
 9 SYSTEMPATH\CodeIgniter.php(354): CodeIgniter\CodeIgniter->handleRequest(null, Object(Config\Cache), false)
10 SYSTEMPATH\Boot.php(334): CodeIgniter\CodeIgniter->run()
11 SYSTEMPATH\Boot.php(67): CodeIgniter\Boot::runCodeIgniter(Object(CodeIgniter\CodeIgniter))
12 FCPATH\index.php(56): CodeIgniter\Boot::bootWeb(Object(Config\Paths))
13 SYSTEMPATH\rewrite.php(44): require_once('C:\\xampp\\htdocs\\STUDENTMANAGEMENTSYSTEMTA3\\public\\index.php')
CRITICAL - 2025-06-20 17:38:58 --> [Caused by] mysqli_sql_exception: Cannot delete or update a parent row: a foreign key constraint fails (`students_management_databases`.`students`, CONSTRAINT `fk_students_course_id` FOREIGN KEY (`courses_id`) REFERENCES `courses` (`course_id`))
in SYSTEMPATH\Database\MySQLi\Connection.php on line 327.
 1 SYSTEMPATH\Database\MySQLi\Connection.php(327): mysqli->query('DELETE FROM `courses`
WHERE `course_id` IN (\'3\')', 0)
 2 SYSTEMPATH\Database\BaseConnection.php(738): CodeIgniter\Database\MySQLi\Connection->execute('DELETE FROM `courses`
WHERE `course_id` IN (\'3\')')
 3 SYSTEMPATH\Database\BaseConnection.php(652): CodeIgniter\Database\BaseConnection->simpleQuery('DELETE FROM `courses`
WHERE `course_id` IN (\'3\')')
 4 SYSTEMPATH\Database\BaseBuilder.php(2848): CodeIgniter\Database\BaseConnection->query('DELETE FROM `courses`
WHERE `course_id` IN :course_id:', [...], false)
 5 SYSTEMPATH\Model.php(521): CodeIgniter\Database\BaseBuilder->delete()
 6 SYSTEMPATH\BaseModel.php(1157): CodeIgniter\Model->doDelete([...], false)
 7 APPPATH\Controllers\Courses.php(116): CodeIgniter\BaseModel->delete([...])
 8 SYSTEMPATH\CodeIgniter.php(933): App\Controllers\Courses->delete('3')
 9 SYSTEMPATH\CodeIgniter.php(507): CodeIgniter\CodeIgniter->runController(Object(App\Controllers\Courses))
10 SYSTEMPATH\CodeIgniter.php(354): CodeIgniter\CodeIgniter->handleRequest(null, Object(Config\Cache), false)
11 SYSTEMPATH\Boot.php(334): CodeIgniter\CodeIgniter->run()
12 SYSTEMPATH\Boot.php(67): CodeIgniter\Boot::runCodeIgniter(Object(CodeIgniter\CodeIgniter))
13 FCPATH\index.php(56): CodeIgniter\Boot::bootWeb(Object(Config\Paths))
14 SYSTEMPATH\rewrite.php(44): require_once('C:\\xampp\\htdocs\\STUDENTMANAGEMENTSYSTEMTA3\\public\\index.php')
ERROR - 2025-06-20 17:39:01 --> mysqli_sql_exception: Cannot delete or update a parent row: a foreign key constraint fails (`students_management_databases`.`students`, CONSTRAINT `fk_students_course_id` FOREIGN KEY (`courses_id`) REFERENCES `courses` (`course_id`)) in C:\xampp\htdocs\STUDENTMANAGEMENTSYSTEMTA3\system\Database\MySQLi\Connection.php:327
Stack trace:
#0 C:\xampp\htdocs\STUDENTMANAGEMENTSYSTEMTA3\system\Database\MySQLi\Connection.php(327): mysqli->query('DELETE FROM `co...', 0)
#1 C:\xampp\htdocs\STUDENTMANAGEMENTSYSTEMTA3\system\Database\BaseConnection.php(738): CodeIgniter\Database\MySQLi\Connection->execute('DELETE FROM `co...')
#2 C:\xampp\htdocs\STUDENTMANAGEMENTSYSTEMTA3\system\Database\BaseConnection.php(652): CodeIgniter\Database\BaseConnection->simpleQuery('DELETE FROM `co...')
#3 C:\xampp\htdocs\STUDENTMANAGEMENTSYSTEMTA3\system\Database\BaseBuilder.php(2848): CodeIgniter\Database\BaseConnection->query('DELETE FROM `co...', Array, false)
#4 C:\xampp\htdocs\STUDENTMANAGEMENTSYSTEMTA3\system\Model.php(521): CodeIgniter\Database\BaseBuilder->delete()
#5 C:\xampp\htdocs\STUDENTMANAGEMENTSYSTEMTA3\system\BaseModel.php(1157): CodeIgniter\Model->doDelete(Array, false)
#6 C:\xampp\htdocs\STUDENTMANAGEMENTSYSTEMTA3\app\Controllers\Courses.php(116): CodeIgniter\BaseModel->delete(Array)
#7 C:\xampp\htdocs\STUDENTMANAGEMENTSYSTEMTA3\system\CodeIgniter.php(933): App\Controllers\Courses->delete('3')
#8 C:\xampp\htdocs\STUDENTMANAGEMENTSYSTEMTA3\system\CodeIgniter.php(507): CodeIgniter\CodeIgniter->runController(Object(App\Controllers\Courses))
#9 C:\xampp\htdocs\STUDENTMANAGEMENTSYSTEMTA3\system\CodeIgniter.php(354): CodeIgniter\CodeIgniter->handleRequest(NULL, Object(Config\Cache), false)
#10 C:\xampp\htdocs\STUDENTMANAGEMENTSYSTEMTA3\system\Boot.php(334): CodeIgniter\CodeIgniter->run()
#11 C:\xampp\htdocs\STUDENTMANAGEMENTSYSTEMTA3\system\Boot.php(67): CodeIgniter\Boot::runCodeIgniter(Object(CodeIgniter\CodeIgniter))
#12 C:\xampp\htdocs\STUDENTMANAGEMENTSYSTEMTA3\public\index.php(56): CodeIgniter\Boot::bootWeb(Object(Config\Paths))
#13 C:\xampp\htdocs\STUDENTMANAGEMENTSYSTEMTA3\system\rewrite.php(44): require_once('C:\\xampp\\htdocs...')
#14 {main}
CRITICAL - 2025-06-20 17:39:01 --> CodeIgniter\Database\Exceptions\DatabaseException: Cannot delete or update a parent row: a foreign key constraint fails (`students_management_databases`.`students`, CONSTRAINT `fk_students_course_id` FOREIGN KEY (`courses_id`) REFERENCES `courses` (`course_id`))
[Method: GET, Route: courses/delete/3]
in SYSTEMPATH\Database\BaseConnection.php on line 692.
 1 SYSTEMPATH\Database\BaseBuilder.php(2848): CodeIgniter\Database\BaseConnection->query('DELETE FROM `courses`
WHERE `course_id` IN :course_id:', [...], false)
 2 SYSTEMPATH\Model.php(521): CodeIgniter\Database\BaseBuilder->delete()
 3 SYSTEMPATH\BaseModel.php(1157): CodeIgniter\Model->doDelete([...], false)
 4 APPPATH\Controllers\Courses.php(116): CodeIgniter\BaseModel->delete([...])
 5 SYSTEMPATH\CodeIgniter.php(933): App\Controllers\Courses->delete('3')
 6 SYSTEMPATH\CodeIgniter.php(507): CodeIgniter\CodeIgniter->runController(Object(App\Controllers\Courses))
 7 SYSTEMPATH\CodeIgniter.php(354): CodeIgniter\CodeIgniter->handleRequest(null, Object(Config\Cache), false)
 8 SYSTEMPATH\Boot.php(334): CodeIgniter\CodeIgniter->run()
 9 SYSTEMPATH\Boot.php(67): CodeIgniter\Boot::runCodeIgniter(Object(CodeIgniter\CodeIgniter))
10 FCPATH\index.php(56): CodeIgniter\Boot::bootWeb(Object(Config\Paths))
11 SYSTEMPATH\rewrite.php(44): require_once('C:\\xampp\\htdocs\\STUDENTMANAGEMENTSYSTEMTA3\\public\\index.php')
CRITICAL - 2025-06-20 17:39:01 --> [Caused by] CodeIgniter\Database\Exceptions\DatabaseException: Cannot delete or update a parent row: a foreign key constraint fails (`students_management_databases`.`students`, CONSTRAINT `fk_students_course_id` FOREIGN KEY (`courses_id`) REFERENCES `courses` (`course_id`))
in SYSTEMPATH\Database\MySQLi\Connection.php on line 332.
 1 SYSTEMPATH\Database\BaseConnection.php(738): CodeIgniter\Database\MySQLi\Connection->execute('DELETE FROM `courses`
WHERE `course_id` IN (\'3\')')
 2 SYSTEMPATH\Database\BaseConnection.php(652): CodeIgniter\Database\BaseConnection->simpleQuery('DELETE FROM `courses`
WHERE `course_id` IN (\'3\')')
 3 SYSTEMPATH\Database\BaseBuilder.php(2848): CodeIgniter\Database\BaseConnection->query('DELETE FROM `courses`
WHERE `course_id` IN :course_id:', [...], false)
 4 SYSTEMPATH\Model.php(521): CodeIgniter\Database\BaseBuilder->delete()
 5 SYSTEMPATH\BaseModel.php(1157): CodeIgniter\Model->doDelete([...], false)
 6 APPPATH\Controllers\Courses.php(116): CodeIgniter\BaseModel->delete([...])
 7 SYSTEMPATH\CodeIgniter.php(933): App\Controllers\Courses->delete('3')
 8 SYSTEMPATH\CodeIgniter.php(507): CodeIgniter\CodeIgniter->runController(Object(App\Controllers\Courses))
 9 SYSTEMPATH\CodeIgniter.php(354): CodeIgniter\CodeIgniter->handleRequest(null, Object(Config\Cache), false)
10 SYSTEMPATH\Boot.php(334): CodeIgniter\CodeIgniter->run()
11 SYSTEMPATH\Boot.php(67): CodeIgniter\Boot::runCodeIgniter(Object(CodeIgniter\CodeIgniter))
12 FCPATH\index.php(56): CodeIgniter\Boot::bootWeb(Object(Config\Paths))
13 SYSTEMPATH\rewrite.php(44): require_once('C:\\xampp\\htdocs\\STUDENTMANAGEMENTSYSTEMTA3\\public\\index.php')
CRITICAL - 2025-06-20 17:39:01 --> [Caused by] mysqli_sql_exception: Cannot delete or update a parent row: a foreign key constraint fails (`students_management_databases`.`students`, CONSTRAINT `fk_students_course_id` FOREIGN KEY (`courses_id`) REFERENCES `courses` (`course_id`))
in SYSTEMPATH\Database\MySQLi\Connection.php on line 327.
 1 SYSTEMPATH\Database\MySQLi\Connection.php(327): mysqli->query('DELETE FROM `courses`
WHERE `course_id` IN (\'3\')', 0)
 2 SYSTEMPATH\Database\BaseConnection.php(738): CodeIgniter\Database\MySQLi\Connection->execute('DELETE FROM `courses`
WHERE `course_id` IN (\'3\')')
 3 SYSTEMPATH\Database\BaseConnection.php(652): CodeIgniter\Database\BaseConnection->simpleQuery('DELETE FROM `courses`
WHERE `course_id` IN (\'3\')')
 4 SYSTEMPATH\Database\BaseBuilder.php(2848): CodeIgniter\Database\BaseConnection->query('DELETE FROM `courses`
WHERE `course_id` IN :course_id:', [...], false)
 5 SYSTEMPATH\Model.php(521): CodeIgniter\Database\BaseBuilder->delete()
 6 SYSTEMPATH\BaseModel.php(1157): CodeIgniter\Model->doDelete([...], false)
 7 APPPATH\Controllers\Courses.php(116): CodeIgniter\BaseModel->delete([...])
 8 SYSTEMPATH\CodeIgniter.php(933): App\Controllers\Courses->delete('3')
 9 SYSTEMPATH\CodeIgniter.php(507): CodeIgniter\CodeIgniter->runController(Object(App\Controllers\Courses))
10 SYSTEMPATH\CodeIgniter.php(354): CodeIgniter\CodeIgniter->handleRequest(null, Object(Config\Cache), false)
11 SYSTEMPATH\Boot.php(334): CodeIgniter\CodeIgniter->run()
12 SYSTEMPATH\Boot.php(67): CodeIgniter\Boot::runCodeIgniter(Object(CodeIgniter\CodeIgniter))
13 FCPATH\index.php(56): CodeIgniter\Boot::bootWeb(Object(Config\Paths))
14 SYSTEMPATH\rewrite.php(44): require_once('C:\\xampp\\htdocs\\STUDENTMANAGEMENTSYSTEMTA3\\public\\index.php')
ERROR - 2025-06-20 17:39:02 --> mysqli_sql_exception: Cannot delete or update a parent row: a foreign key constraint fails (`students_management_databases`.`students`, CONSTRAINT `fk_students_course_id` FOREIGN KEY (`courses_id`) REFERENCES `courses` (`course_id`)) in C:\xampp\htdocs\STUDENTMANAGEMENTSYSTEMTA3\system\Database\MySQLi\Connection.php:327
Stack trace:
#0 C:\xampp\htdocs\STUDENTMANAGEMENTSYSTEMTA3\system\Database\MySQLi\Connection.php(327): mysqli->query('DELETE FROM `co...', 0)
#1 C:\xampp\htdocs\STUDENTMANAGEMENTSYSTEMTA3\system\Database\BaseConnection.php(738): CodeIgniter\Database\MySQLi\Connection->execute('DELETE FROM `co...')
#2 C:\xampp\htdocs\STUDENTMANAGEMENTSYSTEMTA3\system\Database\BaseConnection.php(652): CodeIgniter\Database\BaseConnection->simpleQuery('DELETE FROM `co...')
#3 C:\xampp\htdocs\STUDENTMANAGEMENTSYSTEMTA3\system\Database\BaseBuilder.php(2848): CodeIgniter\Database\BaseConnection->query('DELETE FROM `co...', Array, false)
#4 C:\xampp\htdocs\STUDENTMANAGEMENTSYSTEMTA3\system\Model.php(521): CodeIgniter\Database\BaseBuilder->delete()
#5 C:\xampp\htdocs\STUDENTMANAGEMENTSYSTEMTA3\system\BaseModel.php(1157): CodeIgniter\Model->doDelete(Array, false)
#6 C:\xampp\htdocs\STUDENTMANAGEMENTSYSTEMTA3\app\Controllers\Courses.php(116): CodeIgniter\BaseModel->delete(Array)
#7 C:\xampp\htdocs\STUDENTMANAGEMENTSYSTEMTA3\system\CodeIgniter.php(933): App\Controllers\Courses->delete('3')
#8 C:\xampp\htdocs\STUDENTMANAGEMENTSYSTEMTA3\system\CodeIgniter.php(507): CodeIgniter\CodeIgniter->runController(Object(App\Controllers\Courses))
#9 C:\xampp\htdocs\STUDENTMANAGEMENTSYSTEMTA3\system\CodeIgniter.php(354): CodeIgniter\CodeIgniter->handleRequest(NULL, Object(Config\Cache), false)
#10 C:\xampp\htdocs\STUDENTMANAGEMENTSYSTEMTA3\system\Boot.php(334): CodeIgniter\CodeIgniter->run()
#11 C:\xampp\htdocs\STUDENTMANAGEMENTSYSTEMTA3\system\Boot.php(67): CodeIgniter\Boot::runCodeIgniter(Object(CodeIgniter\CodeIgniter))
#12 C:\xampp\htdocs\STUDENTMANAGEMENTSYSTEMTA3\public\index.php(56): CodeIgniter\Boot::bootWeb(Object(Config\Paths))
#13 C:\xampp\htdocs\STUDENTMANAGEMENTSYSTEMTA3\system\rewrite.php(44): require_once('C:\\xampp\\htdocs...')
#14 {main}
CRITICAL - 2025-06-20 17:39:02 --> CodeIgniter\Database\Exceptions\DatabaseException: Cannot delete or update a parent row: a foreign key constraint fails (`students_management_databases`.`students`, CONSTRAINT `fk_students_course_id` FOREIGN KEY (`courses_id`) REFERENCES `courses` (`course_id`))
[Method: GET, Route: courses/delete/3]
in SYSTEMPATH\Database\BaseConnection.php on line 692.
 1 SYSTEMPATH\Database\BaseBuilder.php(2848): CodeIgniter\Database\BaseConnection->query('DELETE FROM `courses`
WHERE `course_id` IN :course_id:', [...], false)
 2 SYSTEMPATH\Model.php(521): CodeIgniter\Database\BaseBuilder->delete()
 3 SYSTEMPATH\BaseModel.php(1157): CodeIgniter\Model->doDelete([...], false)
 4 APPPATH\Controllers\Courses.php(116): CodeIgniter\BaseModel->delete([...])
 5 SYSTEMPATH\CodeIgniter.php(933): App\Controllers\Courses->delete('3')
 6 SYSTEMPATH\CodeIgniter.php(507): CodeIgniter\CodeIgniter->runController(Object(App\Controllers\Courses))
 7 SYSTEMPATH\CodeIgniter.php(354): CodeIgniter\CodeIgniter->handleRequest(null, Object(Config\Cache), false)
 8 SYSTEMPATH\Boot.php(334): CodeIgniter\CodeIgniter->run()
 9 SYSTEMPATH\Boot.php(67): CodeIgniter\Boot::runCodeIgniter(Object(CodeIgniter\CodeIgniter))
10 FCPATH\index.php(56): CodeIgniter\Boot::bootWeb(Object(Config\Paths))
11 SYSTEMPATH\rewrite.php(44): require_once('C:\\xampp\\htdocs\\STUDENTMANAGEMENTSYSTEMTA3\\public\\index.php')
CRITICAL - 2025-06-20 17:39:02 --> [Caused by] CodeIgniter\Database\Exceptions\DatabaseException: Cannot delete or update a parent row: a foreign key constraint fails (`students_management_databases`.`students`, CONSTRAINT `fk_students_course_id` FOREIGN KEY (`courses_id`) REFERENCES `courses` (`course_id`))
in SYSTEMPATH\Database\MySQLi\Connection.php on line 332.
 1 SYSTEMPATH\Database\BaseConnection.php(738): CodeIgniter\Database\MySQLi\Connection->execute('DELETE FROM `courses`
WHERE `course_id` IN (\'3\')')
 2 SYSTEMPATH\Database\BaseConnection.php(652): CodeIgniter\Database\BaseConnection->simpleQuery('DELETE FROM `courses`
WHERE `course_id` IN (\'3\')')
 3 SYSTEMPATH\Database\BaseBuilder.php(2848): CodeIgniter\Database\BaseConnection->query('DELETE FROM `courses`
WHERE `course_id` IN :course_id:', [...], false)
 4 SYSTEMPATH\Model.php(521): CodeIgniter\Database\BaseBuilder->delete()
 5 SYSTEMPATH\BaseModel.php(1157): CodeIgniter\Model->doDelete([...], false)
 6 APPPATH\Controllers\Courses.php(116): CodeIgniter\BaseModel->delete([...])
 7 SYSTEMPATH\CodeIgniter.php(933): App\Controllers\Courses->delete('3')
 8 SYSTEMPATH\CodeIgniter.php(507): CodeIgniter\CodeIgniter->runController(Object(App\Controllers\Courses))
 9 SYSTEMPATH\CodeIgniter.php(354): CodeIgniter\CodeIgniter->handleRequest(null, Object(Config\Cache), false)
10 SYSTEMPATH\Boot.php(334): CodeIgniter\CodeIgniter->run()
11 SYSTEMPATH\Boot.php(67): CodeIgniter\Boot::runCodeIgniter(Object(CodeIgniter\CodeIgniter))
12 FCPATH\index.php(56): CodeIgniter\Boot::bootWeb(Object(Config\Paths))
13 SYSTEMPATH\rewrite.php(44): require_once('C:\\xampp\\htdocs\\STUDENTMANAGEMENTSYSTEMTA3\\public\\index.php')
CRITICAL - 2025-06-20 17:39:02 --> [Caused by] mysqli_sql_exception: Cannot delete or update a parent row: a foreign key constraint fails (`students_management_databases`.`students`, CONSTRAINT `fk_students_course_id` FOREIGN KEY (`courses_id`) REFERENCES `courses` (`course_id`))
in SYSTEMPATH\Database\MySQLi\Connection.php on line 327.
 1 SYSTEMPATH\Database\MySQLi\Connection.php(327): mysqli->query('DELETE FROM `courses`
WHERE `course_id` IN (\'3\')', 0)
 2 SYSTEMPATH\Database\BaseConnection.php(738): CodeIgniter\Database\MySQLi\Connection->execute('DELETE FROM `courses`
WHERE `course_id` IN (\'3\')')
 3 SYSTEMPATH\Database\BaseConnection.php(652): CodeIgniter\Database\BaseConnection->simpleQuery('DELETE FROM `courses`
WHERE `course_id` IN (\'3\')')
 4 SYSTEMPATH\Database\BaseBuilder.php(2848): CodeIgniter\Database\BaseConnection->query('DELETE FROM `courses`
WHERE `course_id` IN :course_id:', [...], false)
 5 SYSTEMPATH\Model.php(521): CodeIgniter\Database\BaseBuilder->delete()
 6 SYSTEMPATH\BaseModel.php(1157): CodeIgniter\Model->doDelete([...], false)
 7 APPPATH\Controllers\Courses.php(116): CodeIgniter\BaseModel->delete([...])
 8 SYSTEMPATH\CodeIgniter.php(933): App\Controllers\Courses->delete('3')
 9 SYSTEMPATH\CodeIgniter.php(507): CodeIgniter\CodeIgniter->runController(Object(App\Controllers\Courses))
10 SYSTEMPATH\CodeIgniter.php(354): CodeIgniter\CodeIgniter->handleRequest(null, Object(Config\Cache), false)
11 SYSTEMPATH\Boot.php(334): CodeIgniter\CodeIgniter->run()
12 SYSTEMPATH\Boot.php(67): CodeIgniter\Boot::runCodeIgniter(Object(CodeIgniter\CodeIgniter))
13 FCPATH\index.php(56): CodeIgniter\Boot::bootWeb(Object(Config\Paths))
14 SYSTEMPATH\rewrite.php(44): require_once('C:\\xampp\\htdocs\\STUDENTMANAGEMENTSYSTEMTA3\\public\\index.php')
ERROR - 2025-06-20 17:39:06 --> mysqli_sql_exception: Cannot delete or update a parent row: a foreign key constraint fails (`students_management_databases`.`students`, CONSTRAINT `fk_students_course_id` FOREIGN KEY (`courses_id`) REFERENCES `courses` (`course_id`)) in C:\xampp\htdocs\STUDENTMANAGEMENTSYSTEMTA3\system\Database\MySQLi\Connection.php:327
Stack trace:
#0 C:\xampp\htdocs\STUDENTMANAGEMENTSYSTEMTA3\system\Database\MySQLi\Connection.php(327): mysqli->query('DELETE FROM `co...', 0)
#1 C:\xampp\htdocs\STUDENTMANAGEMENTSYSTEMTA3\system\Database\BaseConnection.php(738): CodeIgniter\Database\MySQLi\Connection->execute('DELETE FROM `co...')
#2 C:\xampp\htdocs\STUDENTMANAGEMENTSYSTEMTA3\system\Database\BaseConnection.php(652): CodeIgniter\Database\BaseConnection->simpleQuery('DELETE FROM `co...')
#3 C:\xampp\htdocs\STUDENTMANAGEMENTSYSTEMTA3\system\Database\BaseBuilder.php(2848): CodeIgniter\Database\BaseConnection->query('DELETE FROM `co...', Array, false)
#4 C:\xampp\htdocs\STUDENTMANAGEMENTSYSTEMTA3\system\Model.php(521): CodeIgniter\Database\BaseBuilder->delete()
#5 C:\xampp\htdocs\STUDENTMANAGEMENTSYSTEMTA3\system\BaseModel.php(1157): CodeIgniter\Model->doDelete(Array, false)
#6 C:\xampp\htdocs\STUDENTMANAGEMENTSYSTEMTA3\app\Controllers\Courses.php(116): CodeIgniter\BaseModel->delete(Array)
#7 C:\xampp\htdocs\STUDENTMANAGEMENTSYSTEMTA3\system\CodeIgniter.php(933): App\Controllers\Courses->delete('3')
#8 C:\xampp\htdocs\STUDENTMANAGEMENTSYSTEMTA3\system\CodeIgniter.php(507): CodeIgniter\CodeIgniter->runController(Object(App\Controllers\Courses))
#9 C:\xampp\htdocs\STUDENTMANAGEMENTSYSTEMTA3\system\CodeIgniter.php(354): CodeIgniter\CodeIgniter->handleRequest(NULL, Object(Config\Cache), false)
#10 C:\xampp\htdocs\STUDENTMANAGEMENTSYSTEMTA3\system\Boot.php(334): CodeIgniter\CodeIgniter->run()
#11 C:\xampp\htdocs\STUDENTMANAGEMENTSYSTEMTA3\system\Boot.php(67): CodeIgniter\Boot::runCodeIgniter(Object(CodeIgniter\CodeIgniter))
#12 C:\xampp\htdocs\STUDENTMANAGEMENTSYSTEMTA3\public\index.php(56): CodeIgniter\Boot::bootWeb(Object(Config\Paths))
#13 C:\xampp\htdocs\STUDENTMANAGEMENTSYSTEMTA3\system\rewrite.php(44): require_once('C:\\xampp\\htdocs...')
#14 {main}
CRITICAL - 2025-06-20 17:39:06 --> CodeIgniter\Database\Exceptions\DatabaseException: Cannot delete or update a parent row: a foreign key constraint fails (`students_management_databases`.`students`, CONSTRAINT `fk_students_course_id` FOREIGN KEY (`courses_id`) REFERENCES `courses` (`course_id`))
[Method: GET, Route: courses/delete/3]
in SYSTEMPATH\Database\BaseConnection.php on line 692.
 1 SYSTEMPATH\Database\BaseBuilder.php(2848): CodeIgniter\Database\BaseConnection->query('DELETE FROM `courses`
WHERE `course_id` IN :course_id:', [...], false)
 2 SYSTEMPATH\Model.php(521): CodeIgniter\Database\BaseBuilder->delete()
 3 SYSTEMPATH\BaseModel.php(1157): CodeIgniter\Model->doDelete([...], false)
 4 APPPATH\Controllers\Courses.php(116): CodeIgniter\BaseModel->delete([...])
 5 SYSTEMPATH\CodeIgniter.php(933): App\Controllers\Courses->delete('3')
 6 SYSTEMPATH\CodeIgniter.php(507): CodeIgniter\CodeIgniter->runController(Object(App\Controllers\Courses))
 7 SYSTEMPATH\CodeIgniter.php(354): CodeIgniter\CodeIgniter->handleRequest(null, Object(Config\Cache), false)
 8 SYSTEMPATH\Boot.php(334): CodeIgniter\CodeIgniter->run()
 9 SYSTEMPATH\Boot.php(67): CodeIgniter\Boot::runCodeIgniter(Object(CodeIgniter\CodeIgniter))
10 FCPATH\index.php(56): CodeIgniter\Boot::bootWeb(Object(Config\Paths))
11 SYSTEMPATH\rewrite.php(44): require_once('C:\\xampp\\htdocs\\STUDENTMANAGEMENTSYSTEMTA3\\public\\index.php')
CRITICAL - 2025-06-20 17:39:06 --> [Caused by] CodeIgniter\Database\Exceptions\DatabaseException: Cannot delete or update a parent row: a foreign key constraint fails (`students_management_databases`.`students`, CONSTRAINT `fk_students_course_id` FOREIGN KEY (`courses_id`) REFERENCES `courses` (`course_id`))
in SYSTEMPATH\Database\MySQLi\Connection.php on line 332.
 1 SYSTEMPATH\Database\BaseConnection.php(738): CodeIgniter\Database\MySQLi\Connection->execute('DELETE FROM `courses`
WHERE `course_id` IN (\'3\')')
 2 SYSTEMPATH\Database\BaseConnection.php(652): CodeIgniter\Database\BaseConnection->simpleQuery('DELETE FROM `courses`
WHERE `course_id` IN (\'3\')')
 3 SYSTEMPATH\Database\BaseBuilder.php(2848): CodeIgniter\Database\BaseConnection->query('DELETE FROM `courses`
WHERE `course_id` IN :course_id:', [...], false)
 4 SYSTEMPATH\Model.php(521): CodeIgniter\Database\BaseBuilder->delete()
 5 SYSTEMPATH\BaseModel.php(1157): CodeIgniter\Model->doDelete([...], false)
 6 APPPATH\Controllers\Courses.php(116): CodeIgniter\BaseModel->delete([...])
 7 SYSTEMPATH\CodeIgniter.php(933): App\Controllers\Courses->delete('3')
 8 SYSTEMPATH\CodeIgniter.php(507): CodeIgniter\CodeIgniter->runController(Object(App\Controllers\Courses))
 9 SYSTEMPATH\CodeIgniter.php(354): CodeIgniter\CodeIgniter->handleRequest(null, Object(Config\Cache), false)
10 SYSTEMPATH\Boot.php(334): CodeIgniter\CodeIgniter->run()
11 SYSTEMPATH\Boot.php(67): CodeIgniter\Boot::runCodeIgniter(Object(CodeIgniter\CodeIgniter))
12 FCPATH\index.php(56): CodeIgniter\Boot::bootWeb(Object(Config\Paths))
13 SYSTEMPATH\rewrite.php(44): require_once('C:\\xampp\\htdocs\\STUDENTMANAGEMENTSYSTEMTA3\\public\\index.php')
CRITICAL - 2025-06-20 17:39:06 --> [Caused by] mysqli_sql_exception: Cannot delete or update a parent row: a foreign key constraint fails (`students_management_databases`.`students`, CONSTRAINT `fk_students_course_id` FOREIGN KEY (`courses_id`) REFERENCES `courses` (`course_id`))
in SYSTEMPATH\Database\MySQLi\Connection.php on line 327.
 1 SYSTEMPATH\Database\MySQLi\Connection.php(327): mysqli->query('DELETE FROM `courses`
WHERE `course_id` IN (\'3\')', 0)
 2 SYSTEMPATH\Database\BaseConnection.php(738): CodeIgniter\Database\MySQLi\Connection->execute('DELETE FROM `courses`
WHERE `course_id` IN (\'3\')')
 3 SYSTEMPATH\Database\BaseConnection.php(652): CodeIgniter\Database\BaseConnection->simpleQuery('DELETE FROM `courses`
WHERE `course_id` IN (\'3\')')
 4 SYSTEMPATH\Database\BaseBuilder.php(2848): CodeIgniter\Database\BaseConnection->query('DELETE FROM `courses`
WHERE `course_id` IN :course_id:', [...], false)
 5 SYSTEMPATH\Model.php(521): CodeIgniter\Database\BaseBuilder->delete()
 6 SYSTEMPATH\BaseModel.php(1157): CodeIgniter\Model->doDelete([...], false)
 7 APPPATH\Controllers\Courses.php(116): CodeIgniter\BaseModel->delete([...])
 8 SYSTEMPATH\CodeIgniter.php(933): App\Controllers\Courses->delete('3')
 9 SYSTEMPATH\CodeIgniter.php(507): CodeIgniter\CodeIgniter->runController(Object(App\Controllers\Courses))
10 SYSTEMPATH\CodeIgniter.php(354): CodeIgniter\CodeIgniter->handleRequest(null, Object(Config\Cache), false)
11 SYSTEMPATH\Boot.php(334): CodeIgniter\CodeIgniter->run()
12 SYSTEMPATH\Boot.php(67): CodeIgniter\Boot::runCodeIgniter(Object(CodeIgniter\CodeIgniter))
13 FCPATH\index.php(56): CodeIgniter\Boot::bootWeb(Object(Config\Paths))
14 SYSTEMPATH\rewrite.php(44): require_once('C:\\xampp\\htdocs\\STUDENTMANAGEMENTSYSTEMTA3\\public\\index.php')
ERROR - 2025-06-20 18:02:49 --> mysqli_sql_exception: Cannot delete or update a parent row: a foreign key constraint fails (`students_management_databases`.`grades`, CONSTRAINT `fk_grades_student_id` FOREIGN KEY (`student_id`) REFERENCES `students` (`students_id`)) in C:\xampp\htdocs\STUDENTMANAGEMENTSYSTEMTA3\system\Database\MySQLi\Connection.php:327
Stack trace:
#0 C:\xampp\htdocs\STUDENTMANAGEMENTSYSTEMTA3\system\Database\MySQLi\Connection.php(327): mysqli->query('DELETE FROM `st...', 0)
#1 C:\xampp\htdocs\STUDENTMANAGEMENTSYSTEMTA3\system\Database\BaseConnection.php(738): CodeIgniter\Database\MySQLi\Connection->execute('DELETE FROM `st...')
#2 C:\xampp\htdocs\STUDENTMANAGEMENTSYSTEMTA3\system\Database\BaseConnection.php(652): CodeIgniter\Database\BaseConnection->simpleQuery('DELETE FROM `st...')
#3 C:\xampp\htdocs\STUDENTMANAGEMENTSYSTEMTA3\system\Database\BaseBuilder.php(2848): CodeIgniter\Database\BaseConnection->query('DELETE FROM `st...', Array, false)
#4 C:\xampp\htdocs\STUDENTMANAGEMENTSYSTEMTA3\system\Model.php(521): CodeIgniter\Database\BaseBuilder->delete()
#5 C:\xampp\htdocs\STUDENTMANAGEMENTSYSTEMTA3\system\BaseModel.php(1157): CodeIgniter\Model->doDelete(Array, false)
#6 C:\xampp\htdocs\STUDENTMANAGEMENTSYSTEMTA3\app\Controllers\Students.php(180): CodeIgniter\BaseModel->delete(Array)
#7 C:\xampp\htdocs\STUDENTMANAGEMENTSYSTEMTA3\system\CodeIgniter.php(933): App\Controllers\Students->delete('2')
#8 C:\xampp\htdocs\STUDENTMANAGEMENTSYSTEMTA3\system\CodeIgniter.php(507): CodeIgniter\CodeIgniter->runController(Object(App\Controllers\Students))
#9 C:\xampp\htdocs\STUDENTMANAGEMENTSYSTEMTA3\system\CodeIgniter.php(354): CodeIgniter\CodeIgniter->handleRequest(NULL, Object(Config\Cache), false)
#10 C:\xampp\htdocs\STUDENTMANAGEMENTSYSTEMTA3\system\Boot.php(334): CodeIgniter\CodeIgniter->run()
#11 C:\xampp\htdocs\STUDENTMANAGEMENTSYSTEMTA3\system\Boot.php(67): CodeIgniter\Boot::runCodeIgniter(Object(CodeIgniter\CodeIgniter))
#12 C:\xampp\htdocs\STUDENTMANAGEMENTSYSTEMTA3\public\index.php(56): CodeIgniter\Boot::bootWeb(Object(Config\Paths))
#13 C:\xampp\htdocs\STUDENTMANAGEMENTSYSTEMTA3\system\rewrite.php(44): require_once('C:\\xampp\\htdocs...')
#14 {main}
CRITICAL - 2025-06-20 18:02:49 --> CodeIgniter\Database\Exceptions\DatabaseException: Cannot delete or update a parent row: a foreign key constraint fails (`students_management_databases`.`grades`, CONSTRAINT `fk_grades_student_id` FOREIGN KEY (`student_id`) REFERENCES `students` (`students_id`))
[Method: GET, Route: students/delete/2]
in SYSTEMPATH\Database\BaseConnection.php on line 692.
 1 SYSTEMPATH\Database\BaseBuilder.php(2848): CodeIgniter\Database\BaseConnection->query('DELETE FROM `students`
WHERE `students_id` IN :students_id:', [...], false)
 2 SYSTEMPATH\Model.php(521): CodeIgniter\Database\BaseBuilder->delete()
 3 SYSTEMPATH\BaseModel.php(1157): CodeIgniter\Model->doDelete([...], false)
 4 APPPATH\Controllers\Students.php(180): CodeIgniter\BaseModel->delete([...])
 5 SYSTEMPATH\CodeIgniter.php(933): App\Controllers\Students->delete('2')
 6 SYSTEMPATH\CodeIgniter.php(507): CodeIgniter\CodeIgniter->runController(Object(App\Controllers\Students))
 7 SYSTEMPATH\CodeIgniter.php(354): CodeIgniter\CodeIgniter->handleRequest(null, Object(Config\Cache), false)
 8 SYSTEMPATH\Boot.php(334): CodeIgniter\CodeIgniter->run()
 9 SYSTEMPATH\Boot.php(67): CodeIgniter\Boot::runCodeIgniter(Object(CodeIgniter\CodeIgniter))
10 FCPATH\index.php(56): CodeIgniter\Boot::bootWeb(Object(Config\Paths))
11 SYSTEMPATH\rewrite.php(44): require_once('C:\\xampp\\htdocs\\STUDENTMANAGEMENTSYSTEMTA3\\public\\index.php')
CRITICAL - 2025-06-20 18:02:49 --> [Caused by] CodeIgniter\Database\Exceptions\DatabaseException: Cannot delete or update a parent row: a foreign key constraint fails (`students_management_databases`.`grades`, CONSTRAINT `fk_grades_student_id` FOREIGN KEY (`student_id`) REFERENCES `students` (`students_id`))
in SYSTEMPATH\Database\MySQLi\Connection.php on line 332.
 1 SYSTEMPATH\Database\BaseConnection.php(738): CodeIgniter\Database\MySQLi\Connection->execute('DELETE FROM `students`
WHERE `students_id` IN (\'2\')')
 2 SYSTEMPATH\Database\BaseConnection.php(652): CodeIgniter\Database\BaseConnection->simpleQuery('DELETE FROM `students`
WHERE `students_id` IN (\'2\')')
 3 SYSTEMPATH\Database\BaseBuilder.php(2848): CodeIgniter\Database\BaseConnection->query('DELETE FROM `students`
WHERE `students_id` IN :students_id:', [...], false)
 4 SYSTEMPATH\Model.php(521): CodeIgniter\Database\BaseBuilder->delete()
 5 SYSTEMPATH\BaseModel.php(1157): CodeIgniter\Model->doDelete([...], false)
 6 APPPATH\Controllers\Students.php(180): CodeIgniter\BaseModel->delete([...])
 7 SYSTEMPATH\CodeIgniter.php(933): App\Controllers\Students->delete('2')
 8 SYSTEMPATH\CodeIgniter.php(507): CodeIgniter\CodeIgniter->runController(Object(App\Controllers\Students))
 9 SYSTEMPATH\CodeIgniter.php(354): CodeIgniter\CodeIgniter->handleRequest(null, Object(Config\Cache), false)
10 SYSTEMPATH\Boot.php(334): CodeIgniter\CodeIgniter->run()
11 SYSTEMPATH\Boot.php(67): CodeIgniter\Boot::runCodeIgniter(Object(CodeIgniter\CodeIgniter))
12 FCPATH\index.php(56): CodeIgniter\Boot::bootWeb(Object(Config\Paths))
13 SYSTEMPATH\rewrite.php(44): require_once('C:\\xampp\\htdocs\\STUDENTMANAGEMENTSYSTEMTA3\\public\\index.php')
CRITICAL - 2025-06-20 18:02:49 --> [Caused by] mysqli_sql_exception: Cannot delete or update a parent row: a foreign key constraint fails (`students_management_databases`.`grades`, CONSTRAINT `fk_grades_student_id` FOREIGN KEY (`student_id`) REFERENCES `students` (`students_id`))
in SYSTEMPATH\Database\MySQLi\Connection.php on line 327.
 1 SYSTEMPATH\Database\MySQLi\Connection.php(327): mysqli->query('DELETE FROM `students`
WHERE `students_id` IN (\'2\')', 0)
 2 SYSTEMPATH\Database\BaseConnection.php(738): CodeIgniter\Database\MySQLi\Connection->execute('DELETE FROM `students`
WHERE `students_id` IN (\'2\')')
 3 SYSTEMPATH\Database\BaseConnection.php(652): CodeIgniter\Database\BaseConnection->simpleQuery('DELETE FROM `students`
WHERE `students_id` IN (\'2\')')
 4 SYSTEMPATH\Database\BaseBuilder.php(2848): CodeIgniter\Database\BaseConnection->query('DELETE FROM `students`
WHERE `students_id` IN :students_id:', [...], false)
 5 SYSTEMPATH\Model.php(521): CodeIgniter\Database\BaseBuilder->delete()
 6 SYSTEMPATH\BaseModel.php(1157): CodeIgniter\Model->doDelete([...], false)
 7 APPPATH\Controllers\Students.php(180): CodeIgniter\BaseModel->delete([...])
 8 SYSTEMPATH\CodeIgniter.php(933): App\Controllers\Students->delete('2')
 9 SYSTEMPATH\CodeIgniter.php(507): CodeIgniter\CodeIgniter->runController(Object(App\Controllers\Students))
10 SYSTEMPATH\CodeIgniter.php(354): CodeIgniter\CodeIgniter->handleRequest(null, Object(Config\Cache), false)
11 SYSTEMPATH\Boot.php(334): CodeIgniter\CodeIgniter->run()
12 SYSTEMPATH\Boot.php(67): CodeIgniter\Boot::runCodeIgniter(Object(CodeIgniter\CodeIgniter))
13 FCPATH\index.php(56): CodeIgniter\Boot::bootWeb(Object(Config\Paths))
14 SYSTEMPATH\rewrite.php(44): require_once('C:\\xampp\\htdocs\\STUDENTMANAGEMENTSYSTEMTA3\\public\\index.php')
ERROR - 2025-06-20 18:02:50 --> mysqli_sql_exception: Cannot delete or update a parent row: a foreign key constraint fails (`students_management_databases`.`grades`, CONSTRAINT `fk_grades_student_id` FOREIGN KEY (`student_id`) REFERENCES `students` (`students_id`)) in C:\xampp\htdocs\STUDENTMANAGEMENTSYSTEMTA3\system\Database\MySQLi\Connection.php:327
Stack trace:
#0 C:\xampp\htdocs\STUDENTMANAGEMENTSYSTEMTA3\system\Database\MySQLi\Connection.php(327): mysqli->query('DELETE FROM `st...', 0)
#1 C:\xampp\htdocs\STUDENTMANAGEMENTSYSTEMTA3\system\Database\BaseConnection.php(738): CodeIgniter\Database\MySQLi\Connection->execute('DELETE FROM `st...')
#2 C:\xampp\htdocs\STUDENTMANAGEMENTSYSTEMTA3\system\Database\BaseConnection.php(652): CodeIgniter\Database\BaseConnection->simpleQuery('DELETE FROM `st...')
#3 C:\xampp\htdocs\STUDENTMANAGEMENTSYSTEMTA3\system\Database\BaseBuilder.php(2848): CodeIgniter\Database\BaseConnection->query('DELETE FROM `st...', Array, false)
#4 C:\xampp\htdocs\STUDENTMANAGEMENTSYSTEMTA3\system\Model.php(521): CodeIgniter\Database\BaseBuilder->delete()
#5 C:\xampp\htdocs\STUDENTMANAGEMENTSYSTEMTA3\system\BaseModel.php(1157): CodeIgniter\Model->doDelete(Array, false)
#6 C:\xampp\htdocs\STUDENTMANAGEMENTSYSTEMTA3\app\Controllers\Students.php(180): CodeIgniter\BaseModel->delete(Array)
#7 C:\xampp\htdocs\STUDENTMANAGEMENTSYSTEMTA3\system\CodeIgniter.php(933): App\Controllers\Students->delete('2')
#8 C:\xampp\htdocs\STUDENTMANAGEMENTSYSTEMTA3\system\CodeIgniter.php(507): CodeIgniter\CodeIgniter->runController(Object(App\Controllers\Students))
#9 C:\xampp\htdocs\STUDENTMANAGEMENTSYSTEMTA3\system\CodeIgniter.php(354): CodeIgniter\CodeIgniter->handleRequest(NULL, Object(Config\Cache), false)
#10 C:\xampp\htdocs\STUDENTMANAGEMENTSYSTEMTA3\system\Boot.php(334): CodeIgniter\CodeIgniter->run()
#11 C:\xampp\htdocs\STUDENTMANAGEMENTSYSTEMTA3\system\Boot.php(67): CodeIgniter\Boot::runCodeIgniter(Object(CodeIgniter\CodeIgniter))
#12 C:\xampp\htdocs\STUDENTMANAGEMENTSYSTEMTA3\public\index.php(56): CodeIgniter\Boot::bootWeb(Object(Config\Paths))
#13 C:\xampp\htdocs\STUDENTMANAGEMENTSYSTEMTA3\system\rewrite.php(44): require_once('C:\\xampp\\htdocs...')
#14 {main}
CRITICAL - 2025-06-20 18:02:50 --> CodeIgniter\Database\Exceptions\DatabaseException: Cannot delete or update a parent row: a foreign key constraint fails (`students_management_databases`.`grades`, CONSTRAINT `fk_grades_student_id` FOREIGN KEY (`student_id`) REFERENCES `students` (`students_id`))
[Method: GET, Route: students/delete/2]
in SYSTEMPATH\Database\BaseConnection.php on line 692.
 1 SYSTEMPATH\Database\BaseBuilder.php(2848): CodeIgniter\Database\BaseConnection->query('DELETE FROM `students`
WHERE `students_id` IN :students_id:', [...], false)
 2 SYSTEMPATH\Model.php(521): CodeIgniter\Database\BaseBuilder->delete()
 3 SYSTEMPATH\BaseModel.php(1157): CodeIgniter\Model->doDelete([...], false)
 4 APPPATH\Controllers\Students.php(180): CodeIgniter\BaseModel->delete([...])
 5 SYSTEMPATH\CodeIgniter.php(933): App\Controllers\Students->delete('2')
 6 SYSTEMPATH\CodeIgniter.php(507): CodeIgniter\CodeIgniter->runController(Object(App\Controllers\Students))
 7 SYSTEMPATH\CodeIgniter.php(354): CodeIgniter\CodeIgniter->handleRequest(null, Object(Config\Cache), false)
 8 SYSTEMPATH\Boot.php(334): CodeIgniter\CodeIgniter->run()
 9 SYSTEMPATH\Boot.php(67): CodeIgniter\Boot::runCodeIgniter(Object(CodeIgniter\CodeIgniter))
10 FCPATH\index.php(56): CodeIgniter\Boot::bootWeb(Object(Config\Paths))
11 SYSTEMPATH\rewrite.php(44): require_once('C:\\xampp\\htdocs\\STUDENTMANAGEMENTSYSTEMTA3\\public\\index.php')
CRITICAL - 2025-06-20 18:02:50 --> [Caused by] CodeIgniter\Database\Exceptions\DatabaseException: Cannot delete or update a parent row: a foreign key constraint fails (`students_management_databases`.`grades`, CONSTRAINT `fk_grades_student_id` FOREIGN KEY (`student_id`) REFERENCES `students` (`students_id`))
in SYSTEMPATH\Database\MySQLi\Connection.php on line 332.
 1 SYSTEMPATH\Database\BaseConnection.php(738): CodeIgniter\Database\MySQLi\Connection->execute('DELETE FROM `students`
WHERE `students_id` IN (\'2\')')
 2 SYSTEMPATH\Database\BaseConnection.php(652): CodeIgniter\Database\BaseConnection->simpleQuery('DELETE FROM `students`
WHERE `students_id` IN (\'2\')')
 3 SYSTEMPATH\Database\BaseBuilder.php(2848): CodeIgniter\Database\BaseConnection->query('DELETE FROM `students`
WHERE `students_id` IN :students_id:', [...], false)
 4 SYSTEMPATH\Model.php(521): CodeIgniter\Database\BaseBuilder->delete()
 5 SYSTEMPATH\BaseModel.php(1157): CodeIgniter\Model->doDelete([...], false)
 6 APPPATH\Controllers\Students.php(180): CodeIgniter\BaseModel->delete([...])
 7 SYSTEMPATH\CodeIgniter.php(933): App\Controllers\Students->delete('2')
 8 SYSTEMPATH\CodeIgniter.php(507): CodeIgniter\CodeIgniter->runController(Object(App\Controllers\Students))
 9 SYSTEMPATH\CodeIgniter.php(354): CodeIgniter\CodeIgniter->handleRequest(null, Object(Config\Cache), false)
10 SYSTEMPATH\Boot.php(334): CodeIgniter\CodeIgniter->run()
11 SYSTEMPATH\Boot.php(67): CodeIgniter\Boot::runCodeIgniter(Object(CodeIgniter\CodeIgniter))
12 FCPATH\index.php(56): CodeIgniter\Boot::bootWeb(Object(Config\Paths))
13 SYSTEMPATH\rewrite.php(44): require_once('C:\\xampp\\htdocs\\STUDENTMANAGEMENTSYSTEMTA3\\public\\index.php')
CRITICAL - 2025-06-20 18:02:50 --> [Caused by] mysqli_sql_exception: Cannot delete or update a parent row: a foreign key constraint fails (`students_management_databases`.`grades`, CONSTRAINT `fk_grades_student_id` FOREIGN KEY (`student_id`) REFERENCES `students` (`students_id`))
in SYSTEMPATH\Database\MySQLi\Connection.php on line 327.
 1 SYSTEMPATH\Database\MySQLi\Connection.php(327): mysqli->query('DELETE FROM `students`
WHERE `students_id` IN (\'2\')', 0)
 2 SYSTEMPATH\Database\BaseConnection.php(738): CodeIgniter\Database\MySQLi\Connection->execute('DELETE FROM `students`
WHERE `students_id` IN (\'2\')')
 3 SYSTEMPATH\Database\BaseConnection.php(652): CodeIgniter\Database\BaseConnection->simpleQuery('DELETE FROM `students`
WHERE `students_id` IN (\'2\')')
 4 SYSTEMPATH\Database\BaseBuilder.php(2848): CodeIgniter\Database\BaseConnection->query('DELETE FROM `students`
WHERE `students_id` IN :students_id:', [...], false)
 5 SYSTEMPATH\Model.php(521): CodeIgniter\Database\BaseBuilder->delete()
 6 SYSTEMPATH\BaseModel.php(1157): CodeIgniter\Model->doDelete([...], false)
 7 APPPATH\Controllers\Students.php(180): CodeIgniter\BaseModel->delete([...])
 8 SYSTEMPATH\CodeIgniter.php(933): App\Controllers\Students->delete('2')
 9 SYSTEMPATH\CodeIgniter.php(507): CodeIgniter\CodeIgniter->runController(Object(App\Controllers\Students))
10 SYSTEMPATH\CodeIgniter.php(354): CodeIgniter\CodeIgniter->handleRequest(null, Object(Config\Cache), false)
11 SYSTEMPATH\Boot.php(334): CodeIgniter\CodeIgniter->run()
12 SYSTEMPATH\Boot.php(67): CodeIgniter\Boot::runCodeIgniter(Object(CodeIgniter\CodeIgniter))
13 FCPATH\index.php(56): CodeIgniter\Boot::bootWeb(Object(Config\Paths))
14 SYSTEMPATH\rewrite.php(44): require_once('C:\\xampp\\htdocs\\STUDENTMANAGEMENTSYSTEMTA3\\public\\index.php')
ERROR - 2025-06-20 18:02:51 --> mysqli_sql_exception: Cannot delete or update a parent row: a foreign key constraint fails (`students_management_databases`.`grades`, CONSTRAINT `fk_grades_student_id` FOREIGN KEY (`student_id`) REFERENCES `students` (`students_id`)) in C:\xampp\htdocs\STUDENTMANAGEMENTSYSTEMTA3\system\Database\MySQLi\Connection.php:327
Stack trace:
#0 C:\xampp\htdocs\STUDENTMANAGEMENTSYSTEMTA3\system\Database\MySQLi\Connection.php(327): mysqli->query('DELETE FROM `st...', 0)
#1 C:\xampp\htdocs\STUDENTMANAGEMENTSYSTEMTA3\system\Database\BaseConnection.php(738): CodeIgniter\Database\MySQLi\Connection->execute('DELETE FROM `st...')
#2 C:\xampp\htdocs\STUDENTMANAGEMENTSYSTEMTA3\system\Database\BaseConnection.php(652): CodeIgniter\Database\BaseConnection->simpleQuery('DELETE FROM `st...')
#3 C:\xampp\htdocs\STUDENTMANAGEMENTSYSTEMTA3\system\Database\BaseBuilder.php(2848): CodeIgniter\Database\BaseConnection->query('DELETE FROM `st...', Array, false)
#4 C:\xampp\htdocs\STUDENTMANAGEMENTSYSTEMTA3\system\Model.php(521): CodeIgniter\Database\BaseBuilder->delete()
#5 C:\xampp\htdocs\STUDENTMANAGEMENTSYSTEMTA3\system\BaseModel.php(1157): CodeIgniter\Model->doDelete(Array, false)
#6 C:\xampp\htdocs\STUDENTMANAGEMENTSYSTEMTA3\app\Controllers\Students.php(180): CodeIgniter\BaseModel->delete(Array)
#7 C:\xampp\htdocs\STUDENTMANAGEMENTSYSTEMTA3\system\CodeIgniter.php(933): App\Controllers\Students->delete('2')
#8 C:\xampp\htdocs\STUDENTMANAGEMENTSYSTEMTA3\system\CodeIgniter.php(507): CodeIgniter\CodeIgniter->runController(Object(App\Controllers\Students))
#9 C:\xampp\htdocs\STUDENTMANAGEMENTSYSTEMTA3\system\CodeIgniter.php(354): CodeIgniter\CodeIgniter->handleRequest(NULL, Object(Config\Cache), false)
#10 C:\xampp\htdocs\STUDENTMANAGEMENTSYSTEMTA3\system\Boot.php(334): CodeIgniter\CodeIgniter->run()
#11 C:\xampp\htdocs\STUDENTMANAGEMENTSYSTEMTA3\system\Boot.php(67): CodeIgniter\Boot::runCodeIgniter(Object(CodeIgniter\CodeIgniter))
#12 C:\xampp\htdocs\STUDENTMANAGEMENTSYSTEMTA3\public\index.php(56): CodeIgniter\Boot::bootWeb(Object(Config\Paths))
#13 C:\xampp\htdocs\STUDENTMANAGEMENTSYSTEMTA3\system\rewrite.php(44): require_once('C:\\xampp\\htdocs...')
#14 {main}
CRITICAL - 2025-06-20 18:02:51 --> CodeIgniter\Database\Exceptions\DatabaseException: Cannot delete or update a parent row: a foreign key constraint fails (`students_management_databases`.`grades`, CONSTRAINT `fk_grades_student_id` FOREIGN KEY (`student_id`) REFERENCES `students` (`students_id`))
[Method: GET, Route: students/delete/2]
in SYSTEMPATH\Database\BaseConnection.php on line 692.
 1 SYSTEMPATH\Database\BaseBuilder.php(2848): CodeIgniter\Database\BaseConnection->query('DELETE FROM `students`
WHERE `students_id` IN :students_id:', [...], false)
 2 SYSTEMPATH\Model.php(521): CodeIgniter\Database\BaseBuilder->delete()
 3 SYSTEMPATH\BaseModel.php(1157): CodeIgniter\Model->doDelete([...], false)
 4 APPPATH\Controllers\Students.php(180): CodeIgniter\BaseModel->delete([...])
 5 SYSTEMPATH\CodeIgniter.php(933): App\Controllers\Students->delete('2')
 6 SYSTEMPATH\CodeIgniter.php(507): CodeIgniter\CodeIgniter->runController(Object(App\Controllers\Students))
 7 SYSTEMPATH\CodeIgniter.php(354): CodeIgniter\CodeIgniter->handleRequest(null, Object(Config\Cache), false)
 8 SYSTEMPATH\Boot.php(334): CodeIgniter\CodeIgniter->run()
 9 SYSTEMPATH\Boot.php(67): CodeIgniter\Boot::runCodeIgniter(Object(CodeIgniter\CodeIgniter))
10 FCPATH\index.php(56): CodeIgniter\Boot::bootWeb(Object(Config\Paths))
11 SYSTEMPATH\rewrite.php(44): require_once('C:\\xampp\\htdocs\\STUDENTMANAGEMENTSYSTEMTA3\\public\\index.php')
CRITICAL - 2025-06-20 18:02:51 --> [Caused by] CodeIgniter\Database\Exceptions\DatabaseException: Cannot delete or update a parent row: a foreign key constraint fails (`students_management_databases`.`grades`, CONSTRAINT `fk_grades_student_id` FOREIGN KEY (`student_id`) REFERENCES `students` (`students_id`))
in SYSTEMPATH\Database\MySQLi\Connection.php on line 332.
 1 SYSTEMPATH\Database\BaseConnection.php(738): CodeIgniter\Database\MySQLi\Connection->execute('DELETE FROM `students`
WHERE `students_id` IN (\'2\')')
 2 SYSTEMPATH\Database\BaseConnection.php(652): CodeIgniter\Database\BaseConnection->simpleQuery('DELETE FROM `students`
WHERE `students_id` IN (\'2\')')
 3 SYSTEMPATH\Database\BaseBuilder.php(2848): CodeIgniter\Database\BaseConnection->query('DELETE FROM `students`
WHERE `students_id` IN :students_id:', [...], false)
 4 SYSTEMPATH\Model.php(521): CodeIgniter\Database\BaseBuilder->delete()
 5 SYSTEMPATH\BaseModel.php(1157): CodeIgniter\Model->doDelete([...], false)
 6 APPPATH\Controllers\Students.php(180): CodeIgniter\BaseModel->delete([...])
 7 SYSTEMPATH\CodeIgniter.php(933): App\Controllers\Students->delete('2')
 8 SYSTEMPATH\CodeIgniter.php(507): CodeIgniter\CodeIgniter->runController(Object(App\Controllers\Students))
 9 SYSTEMPATH\CodeIgniter.php(354): CodeIgniter\CodeIgniter->handleRequest(null, Object(Config\Cache), false)
10 SYSTEMPATH\Boot.php(334): CodeIgniter\CodeIgniter->run()
11 SYSTEMPATH\Boot.php(67): CodeIgniter\Boot::runCodeIgniter(Object(CodeIgniter\CodeIgniter))
12 FCPATH\index.php(56): CodeIgniter\Boot::bootWeb(Object(Config\Paths))
13 SYSTEMPATH\rewrite.php(44): require_once('C:\\xampp\\htdocs\\STUDENTMANAGEMENTSYSTEMTA3\\public\\index.php')
CRITICAL - 2025-06-20 18:02:51 --> [Caused by] mysqli_sql_exception: Cannot delete or update a parent row: a foreign key constraint fails (`students_management_databases`.`grades`, CONSTRAINT `fk_grades_student_id` FOREIGN KEY (`student_id`) REFERENCES `students` (`students_id`))
in SYSTEMPATH\Database\MySQLi\Connection.php on line 327.
 1 SYSTEMPATH\Database\MySQLi\Connection.php(327): mysqli->query('DELETE FROM `students`
WHERE `students_id` IN (\'2\')', 0)
 2 SYSTEMPATH\Database\BaseConnection.php(738): CodeIgniter\Database\MySQLi\Connection->execute('DELETE FROM `students`
WHERE `students_id` IN (\'2\')')
 3 SYSTEMPATH\Database\BaseConnection.php(652): CodeIgniter\Database\BaseConnection->simpleQuery('DELETE FROM `students`
WHERE `students_id` IN (\'2\')')
 4 SYSTEMPATH\Database\BaseBuilder.php(2848): CodeIgniter\Database\BaseConnection->query('DELETE FROM `students`
WHERE `students_id` IN :students_id:', [...], false)
 5 SYSTEMPATH\Model.php(521): CodeIgniter\Database\BaseBuilder->delete()
 6 SYSTEMPATH\BaseModel.php(1157): CodeIgniter\Model->doDelete([...], false)
 7 APPPATH\Controllers\Students.php(180): CodeIgniter\BaseModel->delete([...])
 8 SYSTEMPATH\CodeIgniter.php(933): App\Controllers\Students->delete('2')
 9 SYSTEMPATH\CodeIgniter.php(507): CodeIgniter\CodeIgniter->runController(Object(App\Controllers\Students))
10 SYSTEMPATH\CodeIgniter.php(354): CodeIgniter\CodeIgniter->handleRequest(null, Object(Config\Cache), false)
11 SYSTEMPATH\Boot.php(334): CodeIgniter\CodeIgniter->run()
12 SYSTEMPATH\Boot.php(67): CodeIgniter\Boot::runCodeIgniter(Object(CodeIgniter\CodeIgniter))
13 FCPATH\index.php(56): CodeIgniter\Boot::bootWeb(Object(Config\Paths))
14 SYSTEMPATH\rewrite.php(44): require_once('C:\\xampp\\htdocs\\STUDENTMANAGEMENTSYSTEMTA3\\public\\index.php')
